mode: set
github.com/Wiguwbe/awesome-api/main.go:15.13,17.44 2 0
github.com/Wiguwbe/awesome-api/main.go:20.3,23.58 2 0
github.com/Wiguwbe/awesome-api/main.go:17.44,19.4 1 0
github.com/Wiguwbe/awesome-api/main.go:26.32,37.2 4 1
github.com/Wiguwbe/awesome-api/main.go:39.65,47.2 2 0
github.com/Wiguwbe/awesome-api/main.go:49.59,57.26 4 1
github.com/Wiguwbe/awesome-api/main.go:70.3,70.17 1 1
github.com/Wiguwbe/awesome-api/main.go:75.3,78.57 2 1
github.com/Wiguwbe/awesome-api/main.go:58.10,60.14 1 0
github.com/Wiguwbe/awesome-api/main.go:61.10,63.25 1 1
github.com/Wiguwbe/awesome-api/main.go:64.11,66.41 1 0
github.com/Wiguwbe/awesome-api/main.go:70.17,72.4 1 0
